<?xml version="1.0" encoding="UTF-8"?>
<!-- Generated by org.testng.reporters.JUnitReportReporter -->
<testsuite hostname="LAPTOP-K4AMFBT0" failures="0" tests="2" name="groupExecution.Test2" time="0.004" errors="0" timestamp="2024-11-06T12:27:31 IST" skipped="0">
  <testcase classname="groupExecution.Test2" name="demo1" time="0.002">
    <system-out>
      <![CDATA[Test2-demo1-smoke]]>
    </system-out>
  </testcase> <!-- demo1 -->
  <testcase classname="groupExecution.Test2" name="demo3" time="0.002">
    <system-out>
      <![CDATA[Test2-demo3-smoke and regression]]>
    </system-out>
  </testcase> <!-- demo3 -->
  <system-out>
    <![CDATA[Test1-demo1-smoke
Test2-demo1-smoke
Test2-demo3-smoke and regression]]>
  </system-out>
</testsuite> <!-- groupExecution.Test2 -->
