<?xml version="1.0" encoding="UTF-8"?>
<!-- Generated by org.testng.reporters.JUnitReportReporter -->
<testsuite hostname="LAPTOP-K4AMFBT0" failures="0" tests="2" name="distributedparallel.Test6" time="0.020" errors="0" timestamp="2024-11-08T13:12:15 IST" skipped="0">
  <testcase classname="distributedparallel.Test6" name="demo1" time="0.013"/>
  <testcase classname="distributedparallel.Test6" name="demo2" time="0.007"/>
</testsuite> <!-- distributedparallel.Test6 -->
