<?xml version="1.0" encoding="UTF-8"?>
<!-- Generated by org.testng.reporters.JUnitReportReporter -->
<testsuite hostname="LAPTOP-K4AMFBT0" failures="0" tests="2" name="distributedparallel.Test2" time="0.016" errors="0" timestamp="2024-11-08T13:12:15 IST" skipped="0">
  <testcase classname="distributedparallel.Test2" name="demo1" time="0.008"/>
  <testcase classname="distributedparallel.Test2" name="demo2" time="0.008"/>
</testsuite> <!-- distributedparallel.Test2 -->
