<?xml version="1.0" encoding="UTF-8"?>
<!-- Generated by org.testng.reporters.JUnitReportReporter -->
<testsuite hostname="LAPTOP-K4AMFBT0" failures="0" tests="3" name="crossBrowserParallel.Test1" time="14.150" errors="0" timestamp="2024-11-06T13:48:09 IST" skipped="0">
  <testcase classname="crossBrowserParallel.Test1" name="google" time="7.266"/>
  <testcase classname="crossBrowserParallel.Test1" name="google" time="2.080"/>
  <testcase classname="crossBrowserParallel.Test1" name="google" time="4.804"/>
</testsuite> <!-- crossBrowserParallel.Test1 -->
