<?xml version="1.0" encoding="UTF-8"?>
<!-- Generated by org.testng.reporters.JUnitReportReporter -->
<testsuite hostname="LAPTOP-K4AMFBT0" failures="0" tests="1" name="annotations.loginTest" time="13.393" errors="0" timestamp="2024-11-06T11:20:52 IST" skipped="0">
  <testcase classname="annotations.loginTest" name="LoginTest" time="13.393"/>
</testsuite> <!-- annotations.loginTest -->
