<?xml version="1.0" encoding="UTF-8"?>
<!-- Generated by org.testng.reporters.JUnitReportReporter -->
<testsuite hostname="LAPTOP-K4AMFBT0" failures="0" tests="1" name="annotations.TestClass" time="0.028" errors="0" timestamp="2024-11-05T13:25:23 IST" skipped="0">
  <testcase classname="annotations.TestClass" name="testMethod" time="0.028">
    <system-out>
      <![CDATA[@Test]]>
    </system-out>
  </testcase> <!-- testMethod -->
  <system-out>
    <![CDATA[@BeforeSuite
@BeforeTest
BeforeClass
@BeforeMethod
@Test
@AfterMethod
@AfterClass
AfterTest
AfterSuite]]>
  </system-out>
</testsuite> <!-- annotations.TestClass -->
