<?xml version="1.0" encoding="UTF-8"?>
<!-- Generated by org.testng.reporters.JUnitReportReporter -->
<testsuite hostname="LAPTOP-K4AMFBT0" failures="0" tests="3" name="groupExecution.Test3" time="0.022" errors="0" timestamp="2024-11-06T12:21:38 IST" skipped="0">
  <testcase classname="groupExecution.Test3" name="demo2" time="0.003">
    <system-out>
      <![CDATA[Test1-demo2-sanity]]>
    </system-out>
  </testcase> <!-- demo2 -->
  <testcase classname="groupExecution.Test3" name="demo3" time="0.003">
    <system-out>
      <![CDATA[Test1-demo3-regression and sanity]]>
    </system-out>
  </testcase> <!-- demo3 -->
  <testcase classname="groupExecution.Test3" name="demo1" time="0.016">
    <system-out>
      <![CDATA[Test1-demo1-regression]]>
    </system-out>
  </testcase> <!-- demo1 -->
  <system-out>
    <![CDATA[Test1-demo1-regression
Test1-demo2-sanity
Test1-demo3-regression and sanity
Test1-demo1-smoke
Test1-demo2-sanity
Test1-demo3-smoke and sanity
Test2-demo1-smoke
Test2-demo2-regression
Test2-demo3-smoke and regression]]>
  </system-out>
</testsuite> <!-- groupExecution.Test3 -->
