<?xml version="1.0" encoding="UTF-8"?>
<!-- Generated by org.testng.reporters.JUnitReportReporter -->
<testsuite hostname="LAPTOP-K4AMFBT0" failures="0" tests="1" name="groupExecution.Test1" time="0.013" errors="0" timestamp="2024-11-06T12:27:31 IST" skipped="0">
  <testcase classname="groupExecution.Test1" name="demo1" time="0.013">
    <system-out>
      <![CDATA[Test1-demo1-smoke]]>
    </system-out>
  </testcase> <!-- demo1 -->
  <system-out>
    <![CDATA[Test1-demo1-smoke
Test2-demo1-smoke
Test2-demo3-smoke and regression]]>
  </system-out>
</testsuite> <!-- groupExecution.Test1 -->
