<?xml version="1.0" encoding="UTF-8"?>
<!-- Generated by org.testng.reporters.JUnitReportReporter -->
<testsuite hostname="LAPTOP-K4AMFBT0" failures="0" tests="4" name="testNG.invocationcountTest" time="0.009" errors="0" timestamp="2024-11-06T11:32:33 IST" skipped="0">
  <testcase classname="testNG.invocationcountTest" name="demo1" time="0.003">
    <system-out>
      <![CDATA[demo1]]>
    </system-out>
  </testcase> <!-- demo1 -->
  <testcase classname="testNG.invocationcountTest" name="demo1" time="0.002">
    <system-out>
      <![CDATA[demo1]]>
    </system-out>
  </testcase> <!-- demo1 -->
  <testcase classname="testNG.invocationcountTest" name="demo1" time="0.002">
    <system-out>
      <![CDATA[demo1]]>
    </system-out>
  </testcase> <!-- demo1 -->
  <testcase classname="testNG.invocationcountTest" name="demo1" time="0.002">
    <system-out>
      <![CDATA[demo1]]>
    </system-out>
  </testcase> <!-- demo1 -->
  <system-out>
    <![CDATA[Register to App
demo2
demo3
demo5
demo4
demo1
demo1
demo1
demo1]]>
  </system-out>
</testsuite> <!-- testNG.invocationcountTest -->
