<?xml version="1.0" encoding="UTF-8"?>
<!-- Generated by org.testng.reporters.JUnitReportReporter -->
<testsuite hostname="LAPTOP-K4AMFBT0" failures="0" tests="2" name="distributedparallel.Test4" time="0.059" errors="0" timestamp="2024-11-08T13:12:15 IST" skipped="0">
  <testcase classname="distributedparallel.Test4" name="demo1" time="0.048"/>
  <testcase classname="distributedparallel.Test4" name="demo2" time="0.011"/>
</testsuite> <!-- distributedparallel.Test4 -->
