<?xml version="1.0" encoding="UTF-8"?>
<!-- Generated by org.testng.reporters.JUnitReportReporter -->
<testsuite hostname="LAPTOP-K4AMFBT0" failures="0" tests="4" name="testNG.PriorityFlagTest" time="0.011" errors="0" timestamp="2024-11-06T11:32:33 IST" skipped="0">
  <testcase classname="testNG.PriorityFlagTest" name="demo2" time="0.003">
    <system-out>
      <![CDATA[demo2]]>
    </system-out>
  </testcase> <!-- demo2 -->
  <testcase classname="testNG.PriorityFlagTest" name="demo3" time="0.002">
    <system-out>
      <![CDATA[demo3]]>
    </system-out>
  </testcase> <!-- demo3 -->
  <testcase classname="testNG.PriorityFlagTest" name="demo5" time="0.004">
    <system-out>
      <![CDATA[demo5]]>
    </system-out>
  </testcase> <!-- demo5 -->
  <testcase classname="testNG.PriorityFlagTest" name="demo4" time="0.002">
    <system-out>
      <![CDATA[demo4]]>
    </system-out>
  </testcase> <!-- demo4 -->
  <system-out>
    <![CDATA[Register to App
demo2
demo3
demo5
demo4
demo1
demo1
demo1
demo1]]>
  </system-out>
</testsuite> <!-- testNG.PriorityFlagTest -->
