<?xml version="1.0" encoding="UTF-8"?>
<!-- Generated by org.testng.reporters.JUnitReportReporter -->
<testsuite hostname="LAPTOP-K4AMFBT0" failures="0" tests="2" name="distributedparallel.Test3" time="0.022" errors="0" timestamp="2024-11-08T13:12:15 IST" skipped="0">
  <testcase classname="distributedparallel.Test3" name="demo1" time="0.013"/>
  <testcase classname="distributedparallel.Test3" name="demo2" time="0.009"/>
</testsuite> <!-- distributedparallel.Test3 -->
